<?xml version="1.0" encoding="UTF-8"?>
<!-- Generated by org.testng.reporters.JUnitReportReporter -->
<testsuite hostname="Vicky" failures="0" tests="5" name="sprint_3_Negative.F_E_Commerce_Orders" time="119.261" errors="0" timestamp="2024-04-23T15:23:57 IST" skipped="0">
  <testcase classname="sprint_3_Negative.F_E_Commerce_Orders" name="a_ordersToAndFromDateTest" time="19.585"/>
  <system-out/>
  <testcase classname="sprint_3_Negative.F_E_Commerce_Orders" name="b_searchingOrdersEnteringInvalidMobileNumberTest" time="21.868"/>
  <system-out/>
  <testcase classname="sprint_3_Negative.F_E_Commerce_Orders" name="c_searchingOrdersEnteringInFilterOptionTest" time="31.239"/>
  <system-out/>
  <testcase classname="sprint_3_Negative.F_E_Commerce_Orders" name="d_ordersViewButtonErrorTest" time="21.341"/>
  <system-out/>
  <testcase classname="sprint_3_Negative.F_E_Commerce_Orders" name="e_ordersStatusButtonTest" time="25.228"/>
  <system-out/>
</testsuite> <!-- sprint_3_Negative.F_E_Commerce_Orders -->
