<?xml version="1.0" encoding="UTF-8"?>
<!-- Generated by org.testng.reporters.JUnitReportReporter -->
<testsuite hostname="Vicky" failures="0" tests="1" name="sprint_4_Coupons_Positive.CouponList_AllActions" time="119.397" errors="0" timestamp="2024-04-08T12:50:51 IST" skipped="0">
  <testcase classname="sprint_4_Coupons_Positive.CouponList_AllActions" name="couponListAllActions" time="119.397"/>
  <system-out/>
</testsuite> <!-- sprint_4_Coupons_Positive.CouponList_AllActions -->
