<?xml version="1.0" encoding="UTF-8"?>
<!-- Generated by org.testng.reporters.JUnitReportReporter -->
<testsuite hostname="Vicky" failures="0" tests="1" name="Sprint_5_Negative.d_GiftCardsAllActions" time="94.442" errors="0" timestamp="2024-05-20T17:39:56 IST" skipped="0">
  <testcase classname="Sprint_5_Negative.d_GiftCardsAllActions" name="a_giftCardsAllActionsTest" time="94.442"/>
  <system-out/>
</testsuite> <!-- Sprint_5_Negative.d_GiftCardsAllActions -->
