<?xml version="1.0" encoding="UTF-8"?>
<!-- Generated by org.testng.reporters.JUnitReportReporter -->
<testsuite hostname="Vicky" failures="0" tests="1" name="Sprint_4_Negative.Main_Banners" time="30.757" errors="0" timestamp="2024-04-27T17:07:59 IST" skipped="0">
  <testcase classname="Sprint_4_Negative.Main_Banners" name="d_add_Main_Banner_page_Image_Test" time="30.757"/>
  <system-out/>
</testsuite> <!-- Sprint_4_Negative.Main_Banners -->
