<?xml version="1.0" encoding="UTF-8"?>
<!-- Generated by org.testng.reporters.JUnitReportReporter -->
<testsuite hostname="Vicky" failures="0" tests="32" name="sprint_3_Negative.D_E_Commerce_Products" time="1055.941" errors="0" timestamp="2024-04-23T15:23:57 IST" skipped="0">
  <testcase classname="sprint_3_Negative.D_E_Commerce_Products" name="a_ClickOnproductsLinkProductListPageShouldNotDisplayErrorTest" time="21.438"/>
  <system-out/>
  <testcase classname="sprint_3_Negative.D_E_Commerce_Products" name="b_searchEditFeildProductTest" time="19.679"/>
  <system-out/>
  <testcase classname="sprint_3_Negative.D_E_Commerce_Products" name="c_addingProductNullTest" time="24.846"/>
  <system-out/>
  <testcase classname="sprint_3_Negative.D_E_Commerce_Products" name="d_productsGivingOnlyCategoryNameTest" time="26.780"/>
  <system-out/>
  <testcase classname="sprint_3_Negative.D_E_Commerce_Products" name="e_addingProductsByPassing2ValuesTest" time="27.315"/>
  <system-out/>
  <testcase classname="sprint_3_Negative.D_E_Commerce_Products" name="f_addingProductsByPassing3ValuesTest" time="37.063"/>
  <system-out/>
  <testcase classname="sprint_3_Negative.D_E_Commerce_Products" name="g_addingProductsByPassing4ValuesTest" time="32.465"/>
  <system-out/>
  <testcase classname="sprint_3_Negative.D_E_Commerce_Products" name="h_addingProductsByPassing5ValuesTest" time="34.317"/>
  <system-out/>
  <testcase classname="sprint_3_Negative.D_E_Commerce_Products" name="i_addingProductsByPassing6ValuesTest" time="37.200"/>
  <system-out/>
  <testcase classname="sprint_3_Negative.D_E_Commerce_Products" name="j_addingProductsByPassing7ValuesTest" time="38.398"/>
  <system-out/>
  <testcase classname="sprint_3_Negative.D_E_Commerce_Products" name="k_addingProductsByPassing8ValuesTest" time="76.682"/>
  <system-out/>
  <testcase classname="sprint_3_Negative.D_E_Commerce_Products" name="l_addingProductsByPassing9ValuesTest" time="44.235"/>
  <system-out/>
  <testcase classname="sprint_3_Negative.D_E_Commerce_Products" name="m_addingProductsByPassing10ValuesTest" time="47.592"/>
  <system-out/>
  <testcase classname="sprint_3_Negative.D_E_Commerce_Products" name="n_addingProductsByPassing11ValuesTest" time="48.545"/>
  <system-out/>
  <testcase classname="sprint_3_Negative.D_E_Commerce_Products" name="o_addingProductsByPassing12ValuesPassTest" time="54.396"/>
  <system-out/>
  <testcase classname="sprint_3_Negative.D_E_Commerce_Products" name="p_addProductsPageCloseTest" time="24.796"/>
  <system-out/>
  <testcase classname="sprint_3_Negative.D_E_Commerce_Products" name="q_productsWeight_SizePageTest" time="21.912"/>
  <system-out/>
  <testcase classname="sprint_3_Negative.D_E_Commerce_Products" name="r_productsWeight_AddingProductSizePassTest" time="30.098"/>
  <system-out/>
  <testcase classname="sprint_3_Negative.D_E_Commerce_Products" name="s_UpdateProductSizesPageShouldNotDisplayErrorTest" time="24.988"/>
  <system-out/>
  <testcase classname="sprint_3_Negative.D_E_Commerce_Products" name="t_productsWeight_SizePageEditPage_clearingDetailsPassTest" time="30.257"/>
  <system-out/>
  <testcase classname="sprint_3_Negative.D_E_Commerce_Products" name="u_productsWeight_SizePageEditPage_ClosingTest" time="26.046"/>
  <system-out/>
  <testcase classname="sprint_3_Negative.D_E_Commerce_Products" name="v_productsWeight_SizePageEditPage_BootStrapButtonTest" time="24.681"/>
  <system-out/>
  <testcase classname="sprint_3_Negative.D_E_Commerce_Products" name="w_productsWeight_SizePageEditPage_DeleteButtonTest" time="25.674"/>
  <system-out/>
  <testcase classname="sprint_3_Negative.D_E_Commerce_Products" name="x_product_StonePage_Adding_NullTest" time="26.260"/>
  <system-out/>
  <testcase classname="sprint_3_Negative.D_E_Commerce_Products" name="y_product_StonePage_Adding_StoneNameTest" time="28.278"/>
  <system-out/>
  <testcase classname="sprint_3_Negative.D_E_Commerce_Products" name="z_product_StonePage_Adding_StoneColourTest" time="29.229"/>
  <system-out/>
  <testcase classname="sprint_3_Negative.D_E_Commerce_Products" name="z27_product_StonePage_Adding_StonePriceTest" time="28.010"/>
  <system-out/>
  <testcase classname="sprint_3_Negative.D_E_Commerce_Products" name="z28_product_StonePage_Adding_StoneDetails_SuccessfullyTest" time="33.317"/>
  <system-out/>
  <testcase classname="sprint_3_Negative.D_E_Commerce_Products" name="z29_product_StonePage_Adding_StoneDetails_ClearingItHasToFailButPassTest" time="35.306"/>
  <system-out/>
  <testcase classname="sprint_3_Negative.D_E_Commerce_Products" name="z30_productPageActionEditButton_ClearingData3Test" time="33.706"/>
  <system-out/>
  <testcase classname="sprint_3_Negative.D_E_Commerce_Products" name="z31_productPageActionButton_ClearingData6PassTest" time="32.083"/>
  <system-out/>
  <testcase classname="sprint_3_Negative.D_E_Commerce_Products" name="z32_productPageActionButton_ClearingData8Test" time="30.349"/>
  <system-out/>
</testsuite> <!-- sprint_3_Negative.D_E_Commerce_Products -->
