<?xml version="1.0" encoding="UTF-8"?>
<!-- Generated by org.testng.reporters.JUnitReportReporter -->
<testsuite hostname="Vicky" failures="0" tests="1" name="Sprint_5_Negative.GiftCardsAllActions" time="93.231" errors="0" timestamp="2024-05-18T16:43:09 IST" skipped="0">
  <testcase classname="Sprint_5_Negative.GiftCardsAllActions" name="a_giftCardsAllActionsTest" time="93.231"/>
  <system-out/>
</testsuite> <!-- Sprint_5_Negative.GiftCardsAllActions -->
