<?xml version="1.0" encoding="UTF-8"?>
<!-- Generated by org.testng.reporters.JUnitReportReporter -->
<testsuite hostname="Vicky" failures="0" tests="1" name="sprint_4_Banners_Positive.Banners_E_ComBanners" time="78.059" errors="0" timestamp="2024-04-06T18:08:43 IST" skipped="0">
  <testcase classname="sprint_4_Banners_Positive.Banners_E_ComBanners" name="a_eComBannersAllActionsTest" time="78.059"/>
  <system-out/>
</testsuite> <!-- sprint_4_Banners_Positive.Banners_E_ComBanners -->
