<?xml version="1.0" encoding="UTF-8"?>
<!-- Generated by org.testng.reporters.JUnitReportReporter -->
<testsuite hostname="Vicky" failures="0" tests="1" name="sprint_3_Negative.G_E_Commerce_Transactions" time="55.117" errors="0" timestamp="2024-04-23T15:37:22 IST" skipped="0">
  <testcase classname="sprint_3_Negative.G_E_Commerce_Transactions" name="b_transactionsSearchFeildUnregisteredNumberErrorTest" time="55.117"/>
  <system-out/>
</testsuite> <!-- sprint_3_Negative.G_E_Commerce_Transactions -->
