<?xml version="1.0" encoding="UTF-8"?>
<!-- Generated by org.testng.reporters.JUnitReportReporter -->
<testsuite hostname="Vicky" failures="0" tests="1" name="javaUtility_System_Date.Date" time="0.022" errors="0" timestamp="2024-04-10T14:21:34 IST" skipped="0">
  <testcase classname="javaUtility_System_Date.Date" name="date" time="0.022"/>
  <system-out/>
</testsuite> <!-- javaUtility_System_Date.Date -->
