<?xml version="1.0" encoding="UTF-8"?>
<!-- Generated by org.testng.reporters.JUnitReportReporter -->
<testsuite hostname="Vicky" failures="0" tests="2" name="sprint_3_Negative.A_E_Commerce_LoginErrorsDone" time="31.007" errors="0" timestamp="2024-04-01T10:09:10 IST" skipped="0">
  <testcase classname="sprint_3_Negative.A_E_Commerce_LoginErrorsDone" name="a_loginWithInvalidCredentialsErrorTest" time="14.290"/>
  <system-out/>
  <testcase classname="sprint_3_Negative.A_E_Commerce_LoginErrorsDone" name="b_loginToApplicationWithInvalidCredentialsErrorTest" time="16.717"/>
  <system-out/>
</testsuite> <!-- sprint_3_Negative.A_E_Commerce_LoginErrorsDone -->
