<?xml version="1.0" encoding="UTF-8"?>
<!-- Generated by org.testng.reporters.JUnitReportReporter -->
<testsuite hostname="Vicky" failures="0" tests="2" name="sprint_3_Negative.A_E_Commerce_LoginErrorsReady" time="27.494" errors="0" timestamp="2024-04-23T13:00:40 IST" skipped="0">
  <testcase classname="sprint_3_Negative.A_E_Commerce_LoginErrorsReady" name="a_loginWithInvalidCredentialsErrorTest" time="12.361"/>
  <system-out/>
  <testcase classname="sprint_3_Negative.A_E_Commerce_LoginErrorsReady" name="b_loginToApplicationWithInvalidCredentialsErrorTest" time="15.133"/>
  <system-out/>
</testsuite> <!-- sprint_3_Negative.A_E_Commerce_LoginErrorsReady -->
