<?xml version="1.0" encoding="UTF-8"?>
<!-- Generated by org.testng.reporters.JUnitReportReporter -->
<testsuite hostname="Vicky" failures="0" tests="6" name="sprint_3_Negative.E_E_Commerce_Brands" time="202.352" errors="0" timestamp="2024-04-23T15:23:57 IST" skipped="0">
  <testcase classname="sprint_3_Negative.E_E_Commerce_Brands" name="a_addingBrandsByGivingNullValuesErrorTest" time="26.496"/>
  <system-out/>
  <testcase classname="sprint_3_Negative.E_E_Commerce_Brands" name="b_addingBrandByGivingOnlyBrandNameTest" time="27.467"/>
  <system-out/>
  <testcase classname="sprint_3_Negative.E_E_Commerce_Brands" name="c_addingBrandByGivingOnlyBrandImageTest" time="31.362"/>
  <system-out/>
  <testcase classname="sprint_3_Negative.E_E_Commerce_Brands" name="d_brandsSearchFeildPassingValueWhichIsNotThereTest" time="20.164"/>
  <system-out/>
  <testcase classname="sprint_3_Negative.E_E_Commerce_Brands" name="e_brandAddingAndEditingItByRemovingBrandNameButUpdatingSuccessfullyErrorTest" time="45.693"/>
  <system-out/>
  <testcase classname="sprint_3_Negative.E_E_Commerce_Brands" name="f_TurningOffbrandsBootStrapButtonAndCheckingTheSameBrandDisplayingInProductsPageBrandDrpDwnListErrorTest" time="51.170"/>
  <system-out/>
</testsuite> <!-- sprint_3_Negative.E_E_Commerce_Brands -->
