<?xml version="1.0" encoding="UTF-8"?>
<!-- Generated by org.testng.reporters.JUnitReportReporter -->
<testsuite hostname="Vicky" failures="0" tests="1" name="sprint_4_Banners_Positive.c_Banners_SplashBanners" time="70.875" errors="0" timestamp="2024-04-23T17:29:06 IST" skipped="0">
  <testcase classname="sprint_4_Banners_Positive.c_Banners_SplashBanners" name="splashBannersAllActionsTest" time="70.875"/>
  <system-out/>
</testsuite> <!-- sprint_4_Banners_Positive.c_Banners_SplashBanners -->
