<?xml version="1.0" encoding="UTF-8"?>
<!-- Generated by org.testng.reporters.JUnitReportReporter -->
<testsuite hostname="Vicky" failures="0" tests="14" name="sprint_3_Negative.B_E_Commerce_CategoriesDone" time="300.819" errors="0" timestamp="2024-04-01T10:16:39 IST" skipped="0">
  <testcase classname="sprint_3_Negative.B_E_Commerce_CategoriesDone" name="a_clickOnECommercelink_ECommerceDrpDwnShouldNotDropOptionsErrorTest" time="18.118"/>
  <system-out/>
  <testcase classname="sprint_3_Negative.B_E_Commerce_CategoriesDone" name="b_clickOnCategoriesLinkCategoryListPageShouldNotDisplayErrorTest" time="18.095"/>
  <system-out/>
  <testcase classname="sprint_3_Negative.B_E_Commerce_CategoriesDone" name="c_searchForAcategoryWhichIsNotAvailableInCategoryListPageErrorTest" time="17.031"/>
  <system-out/>
  <testcase classname="sprint_3_Negative.B_E_Commerce_CategoriesDone" name="d_clickOnCategoryLinkCategoryListPageShouldNotDisplayErrorTest" time="20.099"/>
  <system-out/>
  <testcase classname="sprint_3_Negative.B_E_Commerce_CategoriesDone" name="e_addingCategoryByGivingNullValuesErrorTest" time="22.499"/>
  <system-out/>
  <testcase classname="sprint_3_Negative.B_E_Commerce_CategoriesDone" name="f_addingCategoryByGivingOnlyNameErrorTest" time="23.712"/>
  <system-out/>
  <testcase classname="sprint_3_Negative.B_E_Commerce_CategoriesDone" name="g_addingCategoryByGivingOnlyImageErrorTest" time="25.344"/>
  <system-out/>
  <testcase classname="sprint_3_Negative.B_E_Commerce_CategoriesDone" name="h_clickOnCloseBtnCategoryPageShouldNotCloseTest" time="19.238"/>
  <system-out/>
  <testcase classname="sprint_3_Negative.B_E_Commerce_CategoriesDone" name="i_addingCategoryByGivingValidDetailsPassTest" time="27.539"/>
  <system-out/>
  <testcase classname="sprint_3_Negative.B_E_Commerce_CategoriesDone" name="j_clickOnParticularCategoryEditButtonUpdatePageShouldNotOpenErrorTest" time="19.906"/>
  <system-out/>
  <testcase classname="sprint_3_Negative.B_E_Commerce_CategoriesDone" name="k_updatingCategoryByGivingOnlyImagePassErrorTest" time="25.763"/>
  <system-out/>
  <testcase classname="sprint_3_Negative.B_E_Commerce_CategoriesDone" name="l_clickOnCloseBtnUpdateCategoryPageShouldNotCloseErrorTest" time="21.309"/>
  <system-out/>
  <testcase classname="sprint_3_Negative.B_E_Commerce_CategoriesDone" name="m_clickOnCategoriesBootStrapButtonStatusShouldNotUpdateTest" time="19.543"/>
  <system-out/>
  <testcase classname="sprint_3_Negative.B_E_Commerce_CategoriesDone" name="n_clickOnParticularCategoryDeleteButtonCategoryShouldNotDeleteTest" time="22.623"/>
  <system-out/>
</testsuite> <!-- sprint_3_Negative.B_E_Commerce_CategoriesDone -->
