<?xml version="1.0" encoding="UTF-8"?>
<!-- Generated by org.testng.reporters.JUnitReportReporter -->
<testsuite hostname="Vicky" failures="0" tests="1" name="sprint_4_Banners_Positive.b_Banners_MainBanners" time="68.241" errors="0" timestamp="2024-04-23T17:29:06 IST" skipped="0">
  <testcase classname="sprint_4_Banners_Positive.b_Banners_MainBanners" name="mainBannerAllActionsTest" time="68.241"/>
  <system-out/>
</testsuite> <!-- sprint_4_Banners_Positive.b_Banners_MainBanners -->
