<?xml version="1.0" encoding="UTF-8"?>
<!-- Generated by org.testng.reporters.JUnitReportReporter -->
<testsuite hostname="Vicky" failures="0" tests="1" name="Sprint_6_Negative.g_EventsAllActions" time="1.438" errors="0" timestamp="2024-05-23T17:46:45 IST" skipped="0">
  <testcase classname="Sprint_6_Negative.g_EventsAllActions" name="screenShot" time="1.438"/>
  <system-out/>
</testsuite> <!-- Sprint_6_Negative.g_EventsAllActions -->
