<?xml version="1.0" encoding="UTF-8"?>
<!-- Generated by org.testng.reporters.JUnitReportReporter -->
<testsuite hostname="Vicky" failures="0" tests="17" name="Sprint_4_Negative.Coupon_List" time="455.839" errors="0" timestamp="2024-04-27T16:29:44 IST" skipped="0">
  <testcase classname="Sprint_4_Negative.Coupon_List" name="m_coupon_List_Edit_Description_Feild_Empty_Test" time="35.533"/>
  <system-out/>
  <testcase classname="Sprint_4_Negative.Coupon_List" name="h_add_Coupon_Page_Minimum_Amount_Equal_Test" time="30.895"/>
  <system-out/>
  <testcase classname="Sprint_4_Negative.Coupon_List" name="p_coupon_List_Bootstrap_Button_Off_Test" time="18.201"/>
  <system-out/>
  <testcase classname="Sprint_4_Negative.Coupon_List" name="q_coupon_List_Bootstrap_Button_On_Test" time="16.650"/>
  <system-out/>
  <testcase classname="Sprint_4_Negative.Coupon_List" name="j_coupon_List_Edit_Amount_Test" time="31.700"/>
  <system-out/>
  <testcase classname="Sprint_4_Negative.Coupon_List" name="o_coupon_List_Edit_Description_Feild_New_Data_Test" time="37.777"/>
  <system-out/>
  <testcase classname="Sprint_4_Negative.Coupon_List" name="f_add_Coupon_Page_Minimum_Amount_Less_Test" time="31.391"/>
  <system-out/>
  <testcase classname="Sprint_4_Negative.Coupon_List" name="a_add_Coupon_Test" time="22.661"/>
  <system-out/>
  <testcase classname="Sprint_4_Negative.Coupon_List" name="d_add_Coupon_Page_Descripion_Missing_Test" time="30.577"/>
  <system-out/>
  <testcase classname="Sprint_4_Negative.Coupon_List" name="n_coupon_List_Edit_Coupon_with_Original_Data_Test" time="0.000"/>
  <system-out/>
  <testcase classname="Sprint_4_Negative.Coupon_List" name="i_coupon_List_search_Feild_Test" time="18.955"/>
  <system-out/>
  <testcase classname="Sprint_4_Negative.Coupon_List" name="k_coupon_List_Edit_Wrong_Date_Test" time="31.920"/>
  <system-out/>
  <testcase classname="Sprint_4_Negative.Coupon_List" name="c_add_Coupon_Page_Date_Test" time="26.818"/>
  <system-out/>
  <testcase classname="Sprint_4_Negative.Coupon_List" name="l_coupon_List_Edit_Expired_Date_Test" time="38.077"/>
  <system-out/>
  <testcase classname="Sprint_4_Negative.Coupon_List" name="b_add_Coupon_Page_Amount_Test" time="22.943"/>
  <system-out/>
  <testcase classname="Sprint_4_Negative.Coupon_List" name="e_add_Coupon_Page_Close_Button_Test" time="29.386"/>
  <system-out/>
  <testcase classname="Sprint_4_Negative.Coupon_List" name="g_add_Coupon_Page_Wrong_Date_Test" time="32.355"/>
  <system-out/>
</testsuite> <!-- Sprint_4_Negative.Coupon_List -->
