<?xml version="1.0" encoding="UTF-8"?>
<!-- Generated by org.testng.reporters.JUnitReportReporter -->
<testsuite hostname="Vicky" failures="0" tests="1" name="sprint_4_Coupons_Positive.AdminCoupons_AllActions" time="111.803" errors="0" timestamp="2024-04-08T14:47:31 IST" skipped="0">
  <testcase classname="sprint_4_Coupons_Positive.AdminCoupons_AllActions" name="couponListAllActions" time="111.803"/>
  <system-out/>
</testsuite> <!-- sprint_4_Coupons_Positive.AdminCoupons_AllActions -->
