<?xml version="1.0" encoding="UTF-8"?>
<!-- Generated by org.testng.reporters.JUnitReportReporter -->
<testsuite hostname="Vicky" failures="0" tests="1" name="sprint_3_Negative.C_E_Commerce_Sub_Categories" time="31.659" errors="0" timestamp="2024-04-23T15:38:46 IST" skipped="0">
  <testcase classname="sprint_3_Negative.C_E_Commerce_Sub_Categories" name="j_updatingSubCategoryByPassing2ValuesErrorTest" time="31.659"/>
  <system-out/>
</testsuite> <!-- sprint_3_Negative.C_E_Commerce_Sub_Categories -->
