<?xml version="1.0" encoding="UTF-8"?>
<!-- Generated by org.testng.reporters.JUnitReportReporter -->
<testsuite hostname="Vicky" failures="0" tests="1" name="Flipkart.scroll" time="9.778" errors="0" timestamp="2024-04-02T17:47:19 IST" skipped="0">
  <testcase classname="Flipkart.scroll" name="scroll" time="9.778"/>
  <system-out/>
</testsuite> <!-- Flipkart.scroll -->
