<?xml version="1.0" encoding="UTF-8"?>
<!-- Generated by org.testng.reporters.JUnitReportReporter -->
<testsuite hostname="Vicky" failures="0" tests="1" name="Banners_FMS.Banners_E_ComBanners" time="78.065" errors="0" timestamp="2024-04-05T11:10:32 IST" skipped="0">
  <testcase classname="Banners_FMS.Banners_E_ComBanners" name="a_addEComBanners" time="78.065"/>
  <system-out/>
</testsuite> <!-- Banners_FMS.Banners_E_ComBanners -->
