<?xml version="1.0" encoding="UTF-8"?>
<!-- Generated by org.testng.reporters.JUnitReportReporter -->
<testsuite hostname="Vicky" failures="0" tests="6" name="Sprint_5_Negative.a_EcommerceAllActions" time="858.370" errors="0" timestamp="2024-05-20T17:39:56 IST" skipped="0">
  <testcase classname="Sprint_5_Negative.a_EcommerceAllActions" name="productsAllActionsTest" time="392.360"/>
  <system-out/>
  <testcase classname="Sprint_5_Negative.a_EcommerceAllActions" name="SubcategoriesAllActionsTest" time="121.748"/>
  <system-out/>
  <testcase classname="Sprint_5_Negative.a_EcommerceAllActions" name="ECommerce_Transactions_NegativeTest" time="41.081"/>
  <system-out/>
  <testcase classname="Sprint_5_Negative.a_EcommerceAllActions" name="categoriesAllActionsTest" time="136.521"/>
  <system-out/>
  <testcase classname="Sprint_5_Negative.a_EcommerceAllActions" name="ecommerce_Orders_NegativeTest" time="69.152"/>
  <system-out/>
  <testcase classname="Sprint_5_Negative.a_EcommerceAllActions" name="brandsAllActionsTest" time="97.508"/>
  <system-out/>
</testsuite> <!-- Sprint_5_Negative.a_EcommerceAllActions -->
