<?xml version="1.0" encoding="UTF-8"?>
<!-- Generated by org.testng.reporters.JUnitReportReporter -->
<testsuite hostname="Vicky" failures="0" tests="1" name="Sprint_5_Negative.All_Negative_Scripts" time="10.643" errors="0" timestamp="2024-04-25T16:23:07 IST" skipped="0">
  <testcase classname="Sprint_5_Negative.All_Negative_Scripts" name="negative" time="10.643"/>
  <system-out/>
</testsuite> <!-- Sprint_5_Negative.All_Negative_Scripts -->
