<?xml version="1.0" encoding="UTF-8"?>
<!-- Generated by org.testng.reporters.JUnitReportReporter -->
<testsuite hostname="Vicky" failures="0" tests="1" name="Sprint_5_Negative_Ayesha_Code.ECommerce_Transactions_Negative" time="27.980" errors="0" timestamp="2024-05-18T13:00:48 IST" skipped="0">
  <testcase classname="Sprint_5_Negative_Ayesha_Code.ECommerce_Transactions_Negative" name="ECommerce_Transactions_NegativeTest" time="27.980"/>
  <system-out/>
</testsuite> <!-- Sprint_5_Negative_Ayesha_Code.ECommerce_Transactions_Negative -->
