<?xml version="1.0" encoding="UTF-8"?>
<!-- Generated by org.testng.reporters.JUnitReportReporter -->
<testsuite hostname="Vicky" failures="0" tests="1" name="sprint_4_Giftcards_Positive.Giftcards_AllActions" time="58.443" errors="0" timestamp="2024-04-08T16:56:27 IST" skipped="0">
  <testcase classname="sprint_4_Giftcards_Positive.Giftcards_AllActions" name="giftCardAllActions" time="58.443"/>
  <system-out/>
</testsuite> <!-- sprint_4_Giftcards_Positive.Giftcards_AllActions -->
