<?xml version="1.0" encoding="UTF-8"?>
<!-- Generated by org.testng.reporters.JUnitReportReporter -->
<testsuite hostname="Vicky" failures="0" tests="1" name="Banners_FMS.Banners_SplashBanners" time="65.486" errors="0" timestamp="2024-04-05T15:39:52 IST" skipped="0">
  <testcase classname="Banners_FMS.Banners_SplashBanners" name="splashBannersAllActionsTest" time="65.486"/>
  <system-out/>
</testsuite> <!-- Banners_FMS.Banners_SplashBanners -->
