<?xml version="1.0" encoding="UTF-8"?>
<!-- Generated by org.testng.reporters.JUnitReportReporter -->
<testsuite hostname="Vicky" failures="0" tests="1" name="Sprint_5_Negative.CouponsAllActions" time="205.215" errors="0" timestamp="2024-05-18T17:09:41 IST" skipped="0">
  <testcase classname="Sprint_5_Negative.CouponsAllActions" name="a_couponListAllActionsTest" time="205.215"/>
  <system-out/>
</testsuite> <!-- Sprint_5_Negative.CouponsAllActions -->
