<?xml version="1.0" encoding="UTF-8"?>
<!-- Generated by org.testng.reporters.JUnitReportReporter -->
<testsuite hostname="Vicky" failures="0" tests="1" name="Sprint_6_Negative.d_NotificationAllActions" time="37.023" errors="0" timestamp="2024-05-23T15:53:59 IST" skipped="0">
  <testcase classname="Sprint_6_Negative.d_NotificationAllActions" name="notificationsTest" time="37.023"/>
  <system-out/>
</testsuite> <!-- Sprint_6_Negative.d_NotificationAllActions -->
