<?xml version="1.0" encoding="UTF-8"?>
<!-- Generated by org.testng.reporters.JUnitReportReporter -->
<testsuite hostname="Vicky" failures="0" tests="12" name="Sprint_4_Negative.Ecom_Banners" time="363.380" errors="0" timestamp="2024-04-27T16:29:44 IST" skipped="0">
  <testcase classname="Sprint_4_Negative.Ecom_Banners" name="c_Ecom_Splash_Banner_page_Date_Test" time="26.125"/>
  <system-out/>
  <testcase classname="Sprint_4_Negative.Ecom_Banners" name="h_add_Ecom_Banner_page_Date_Image_Sequence_CloseBtn_Test" time="34.365"/>
  <system-out/>
  <testcase classname="Sprint_4_Negative.Ecom_Banners" name="e_add_Ecom_Banner_page_Date_Image_Test" time="44.671"/>
  <system-out/>
  <testcase classname="Sprint_4_Negative.Ecom_Banners" name="g_add_Ecom_Banner_page_Date_Image_Sequence_WrngData_Test" time="33.035"/>
  <system-out/>
  <testcase classname="Sprint_4_Negative.Ecom_Banners" name="l_bootstrap_button_On_for_specific_Ecom_banner_Test" time="17.736"/>
  <system-out/>
  <testcase classname="Sprint_4_Negative.Ecom_Banners" name="f_add_Ecom_Banner_page_Sequence_Test" time="31.041"/>
  <system-out/>
  <testcase classname="Sprint_4_Negative.Ecom_Banners" name="i_add_Ecom_Banner_page_Date_Image_Sequence_WrongDate_Test" time="44.807"/>
  <system-out/>
  <testcase classname="Sprint_4_Negative.Ecom_Banners" name="j_Edit_button_in_Ecom_banner_page_Test" time="43.584"/>
  <system-out/>
  <testcase classname="Sprint_4_Negative.Ecom_Banners" name="b_Ecom_Banner_Add_Button_Test" time="24.703"/>
  <system-out/>
  <testcase classname="Sprint_4_Negative.Ecom_Banners" name="a_Ecom_Banner_Module_redirection_Test" time="19.034"/>
  <system-out/>
  <testcase classname="Sprint_4_Negative.Ecom_Banners" name="d_add_Ecom_Banner_page_Image_Test" time="25.208"/>
  <system-out/>
  <testcase classname="Sprint_4_Negative.Ecom_Banners" name="k_bootstrap_button_off_for_specific_Ecom_banner_Up_Test" time="19.071"/>
  <system-out/>
</testsuite> <!-- Sprint_4_Negative.Ecom_Banners -->
