<?xml version="1.0" encoding="UTF-8"?>
<!-- Generated by org.testng.reporters.JUnitReportReporter -->
<testsuite hostname="Vicky" failures="0" tests="3" name="Sprint_5_Negative.BannersAllActions" time="437.270" errors="0" timestamp="2024-05-18T16:43:09 IST" skipped="0">
  <testcase classname="Sprint_5_Negative.BannersAllActions" name="mainBannersAllActionsTest" time="173.213"/>
  <system-out/>
  <testcase classname="Sprint_5_Negative.BannersAllActions" name="splashBannersTest" time="131.645"/>
  <system-out/>
  <testcase classname="Sprint_5_Negative.BannersAllActions" name="eComBannersAllActionsTest" time="132.412"/>
  <system-out/>
</testsuite> <!-- Sprint_5_Negative.BannersAllActions -->
