<?xml version="1.0" encoding="UTF-8"?>
<!-- Generated by org.testng.reporters.JUnitReportReporter -->
<testsuite hostname="Vicky" failures="0" tests="14" name="sprint_3_Negative.B_E_Commerce_CategoriesReady" time="293.657" errors="0" timestamp="2024-04-23T13:00:40 IST" skipped="0">
  <testcase classname="sprint_3_Negative.B_E_Commerce_CategoriesReady" name="a_clickOnECommercelink_ECommerceDrpDwnShouldNotDropOptionsErrorTest" time="15.482"/>
  <system-out/>
  <testcase classname="sprint_3_Negative.B_E_Commerce_CategoriesReady" name="b_clickOnCategoriesLinkCategoryListPageShouldNotDisplayErrorTest" time="18.740"/>
  <system-out/>
  <testcase classname="sprint_3_Negative.B_E_Commerce_CategoriesReady" name="c_searchForAcategoryWhichIsNotAvailableInCategoryListPageErrorTest" time="15.807"/>
  <system-out/>
  <testcase classname="sprint_3_Negative.B_E_Commerce_CategoriesReady" name="d_clickOnCategoryLinkCategoryListPageShouldNotDisplayErrorTest" time="18.490"/>
  <system-out/>
  <testcase classname="sprint_3_Negative.B_E_Commerce_CategoriesReady" name="e_addingCategoryByGivingNullValuesErrorTest" time="39.865"/>
  <system-out/>
  <testcase classname="sprint_3_Negative.B_E_Commerce_CategoriesReady" name="f_addingCategoryByGivingOnlyNameErrorTest" time="21.648"/>
  <system-out/>
  <testcase classname="sprint_3_Negative.B_E_Commerce_CategoriesReady" name="g_addingCategoryByGivingOnlyImageErrorTest" time="23.772"/>
  <system-out/>
  <testcase classname="sprint_3_Negative.B_E_Commerce_CategoriesReady" name="h_clickOnCloseBtnCategoryPageShouldNotCloseTest" time="17.138"/>
  <system-out/>
  <testcase classname="sprint_3_Negative.B_E_Commerce_CategoriesReady" name="i_addingCategoryByGivingValidDetailsPassTest" time="25.960"/>
  <system-out/>
  <testcase classname="sprint_3_Negative.B_E_Commerce_CategoriesReady" name="j_clickOnParticularCategoryEditButtonUpdatePageShouldNotOpenErrorTest" time="18.665"/>
  <system-out/>
  <testcase classname="sprint_3_Negative.B_E_Commerce_CategoriesReady" name="k_updatingCategoryByGivingOnlyImagePassErrorTest" time="22.152"/>
  <system-out/>
  <testcase classname="sprint_3_Negative.B_E_Commerce_CategoriesReady" name="l_clickOnCloseBtnUpdateCategoryPageShouldNotCloseErrorTest" time="19.342"/>
  <system-out/>
  <testcase classname="sprint_3_Negative.B_E_Commerce_CategoriesReady" name="m_clickOnCategoriesBootStrapButtonStatusShouldNotUpdateTest" time="17.283"/>
  <system-out/>
  <testcase classname="sprint_3_Negative.B_E_Commerce_CategoriesReady" name="n_clickOnParticularCategoryDeleteButtonCategoryShouldNotDeleteTest" time="19.313"/>
  <system-out/>
</testsuite> <!-- sprint_3_Negative.B_E_Commerce_CategoriesReady -->
