<?xml version="1.0" encoding="UTF-8"?>
<!-- Generated by org.testng.reporters.JUnitReportReporter -->
<testsuite hostname="Vicky" failures="0" tests="1" name="sprint_1_Positive.cSprint_1_SchemeAllActions_Demo_FMS" time="275.798" errors="0" timestamp="2024-04-25T11:31:32 IST" skipped="0">
  <testcase classname="sprint_1_Positive.cSprint_1_SchemeAllActions_Demo_FMS" name="schemeCreationTest" time="275.798"/>
  <system-out/>
</testsuite> <!-- sprint_1_Positive.cSprint_1_SchemeAllActions_Demo_FMS -->
