<?xml version="1.0" encoding="UTF-8"?>
<!-- Generated by org.testng.reporters.JUnitReportReporter -->
<testsuite hostname="Vicky" failures="0" tests="1" name="Sprint_5_Negative_Ayesha_Code.Ecommerce_Categories_Negative" time="102.384" errors="0" timestamp="2024-05-11T17:45:25 IST" skipped="0">
  <testcase classname="Sprint_5_Negative_Ayesha_Code.Ecommerce_Categories_Negative" name="categoriesAllActionsTest" time="102.384"/>
  <system-out/>
</testsuite> <!-- Sprint_5_Negative_Ayesha_Code.Ecommerce_Categories_Negative -->
