<?xml version="1.0" encoding="UTF-8"?>
<!-- Generated by org.testng.reporters.JUnitReportReporter -->
<testsuite hostname="Vicky" failures="0" tests="1" name="sprint_3_Positive.E_ECommerce_Orders_All_Actions" time="66.562" errors="0" timestamp="2024-04-24T11:41:01 IST" skipped="0">
  <testcase classname="sprint_3_Positive.E_ECommerce_Orders_All_Actions" name="eCommerceOrders" time="66.562"/>
  <system-out/>
</testsuite> <!-- sprint_3_Positive.E_ECommerce_Orders_All_Actions -->
