<?xml version="1.0" encoding="UTF-8"?>
<!-- Generated by org.testng.reporters.JUnitReportReporter -->
<testsuite hostname="Vicky" failures="0" tests="13" name="sprint_3_Negative.C_E_Commerce_Sub_CategoriesReady" time="399.249" errors="0" timestamp="2024-04-23T13:00:40 IST" skipped="0">
  <testcase classname="sprint_3_Negative.C_E_Commerce_Sub_CategoriesReady" name="a_ClickOnSubcategoriesLinkSubCategoryPageShoultNotDisplayErrorTest" time="21.545"/>
  <system-out/>
  <testcase classname="sprint_3_Negative.C_E_Commerce_Sub_CategoriesReady" name="b_SubCategory_SearchEdit_SearchedInvalidCategoryShouldDisplayErrorTest" time="88.068"/>
  <system-out/>
  <testcase classname="sprint_3_Negative.C_E_Commerce_Sub_CategoriesReady" name="c_addingSubCategoryNullErrorTest" time="25.080"/>
  <system-out/>
  <testcase classname="sprint_3_Negative.C_E_Commerce_Sub_CategoriesReady" name="d_addingSubCategoryByGivingOnlyCategoryNameErrorTest" time="25.039"/>
  <system-out/>
  <testcase classname="sprint_3_Negative.C_E_Commerce_Sub_CategoriesReady" name="e_Adding_SubCategoryByGiving2ValuesErrorTest" time="28.894"/>
  <system-out/>
  <testcase classname="sprint_3_Negative.C_E_Commerce_Sub_CategoriesReady" name="f_Adding_SubCategoryByGivingValidDetailsPassTest" time="29.975"/>
  <system-out/>
  <testcase classname="sprint_3_Negative.C_E_Commerce_Sub_CategoriesReady" name="g_SubCategoryEditButtonErrorTest" time="21.596"/>
  <system-out/>
  <testcase classname="sprint_3_Negative.C_E_Commerce_Sub_CategoriesReady" name="h_updatingWithoutPassingDetailsErrorTest" time="25.538"/>
  <system-out/>
  <testcase classname="sprint_3_Negative.C_E_Commerce_Sub_CategoriesReady" name="i_updatingByGivingOnlyCategoryNameErrorTest" time="30.823"/>
  <system-out/>
  <testcase classname="sprint_3_Negative.C_E_Commerce_Sub_CategoriesReady" name="j_updatingSubCategoryByPassing2ValuesErrorTest" time="29.073"/>
  <system-out/>
  <testcase classname="sprint_3_Negative.C_E_Commerce_Sub_CategoriesReady" name="k_subCategoryBootStrapButtonErrorTest" time="21.852"/>
  <system-out/>
  <testcase classname="sprint_3_Negative.C_E_Commerce_Sub_CategoriesReady" name="l_subCategoryDeleteButtonErrorTest" time="27.283"/>
  <system-out/>
  <testcase classname="sprint_3_Negative.C_E_Commerce_Sub_CategoriesReady" name="m_closingAddSubCategoryPageErrorTest" time="24.483"/>
  <system-out/>
</testsuite> <!-- sprint_3_Negative.C_E_Commerce_Sub_CategoriesReady -->
