<?xml version="1.0" encoding="UTF-8"?>
<!-- Generated by org.testng.reporters.JUnitReportReporter -->
<testsuite hostname="Vicky" failures="0" tests="2" name="Sprint_5_Negative.b_CouponsAllActions" time="374.122" errors="0" timestamp="2024-05-20T17:39:56 IST" skipped="0">
  <testcase classname="Sprint_5_Negative.b_CouponsAllActions" name="a_couponListAllActionsTest" time="207.425"/>
  <system-out/>
  <testcase classname="Sprint_5_Negative.b_CouponsAllActions" name="b_adminCouponAllActionTest" time="166.697"/>
  <system-out/>
</testsuite> <!-- Sprint_5_Negative.b_CouponsAllActions -->
