<?xml version="1.0" encoding="UTF-8"?>
<!-- Generated by org.testng.reporters.JUnitReportReporter -->
<testsuite hostname="Vicky" failures="0" tests="20" name="Sprint_4_Negative.Admin_Coupon" time="632.289" errors="0" timestamp="2024-04-27T16:29:44 IST" skipped="0">
  <testcase classname="Sprint_4_Negative.Admin_Coupon" name="d_add_Admin_Coupon_Page_Amount_Date_Minimumamount_Test" time="31.618"/>
  <system-out/>
  <testcase classname="Sprint_4_Negative.Admin_Coupon" name="g_add_Admin_Coupon_Page_Expired_Date_Test" time="37.124"/>
  <system-out/>
  <testcase classname="Sprint_4_Negative.Admin_Coupon" name="n_add_Admin_Coupon_Page_Edit_Expired_Date_Test" time="43.767"/>
  <system-out/>
  <testcase classname="Sprint_4_Negative.Admin_Coupon" name="p_add_Admin_Coupon_Page_Edit_RMN_D_Test" time="38.049"/>
  <system-out/>
  <testcase classname="Sprint_4_Negative.Admin_Coupon" name="b_add_Admin_Coupon_Page_Amount_Test" time="25.467"/>
  <system-out/>
  <testcase classname="Sprint_4_Negative.Admin_Coupon" name="h_add_Admin_Coupon_Page_MinimumAmountEqual_Test" time="37.121"/>
  <system-out/>
  <testcase classname="Sprint_4_Negative.Admin_Coupon" name="m_add_Admin_Coupon_Page_Edit_Amount_Test" time="37.487"/>
  <system-out/>
  <testcase classname="Sprint_4_Negative.Admin_Coupon" name="e_add_Admin_Coupon_Page_MobileNumberMissing_Test" time="34.116"/>
  <system-out/>
  <testcase classname="Sprint_4_Negative.Admin_Coupon" name="t_add_Admin_Coupon_Page_View_Bootstrap_Button_On_Test" time="20.706"/>
  <system-out/>
  <testcase classname="Sprint_4_Negative.Admin_Coupon" name="i_add_Admin_Coupon_Page_Valid_Mobile_Number_Test" time="38.703"/>
  <system-out/>
  <testcase classname="Sprint_4_Negative.Admin_Coupon" name="c_add_Admin_Coupon_Page_Amount_Date_Test" time="29.765"/>
  <system-out/>
  <testcase classname="Sprint_4_Negative.Admin_Coupon" name="l_add_Admin_Coupon_Page_Search_Feild_Test" time="20.660"/>
  <system-out/>
  <testcase classname="Sprint_4_Negative.Admin_Coupon" name="a_add_Admin_Coupon_Test" time="24.266"/>
  <system-out/>
  <testcase classname="Sprint_4_Negative.Admin_Coupon" name="k_add_Admin_Coupon_Page_Close_Button_Test" time="37.346"/>
  <system-out/>
  <testcase classname="Sprint_4_Negative.Admin_Coupon" name="s_add_Admin_Coupon_Page_View_Bootstrap_Button_Off_Test" time="18.983"/>
  <system-out/>
  <testcase classname="Sprint_4_Negative.Admin_Coupon" name="r_add_Admin_Coupon_Page_View_Close_Button_Test" time="42.965"/>
  <system-out/>
  <testcase classname="Sprint_4_Negative.Admin_Coupon" name="f_add_Admin_Coupon_Page_MNM_MinimumAmount_Test" time="34.588"/>
  <system-out/>
  <testcase classname="Sprint_4_Negative.Admin_Coupon" name="o_add_Admin_Coupon_Page_Edit_Less_Date_Test" time="0.000"/>
  <system-out/>
  <testcase classname="Sprint_4_Negative.Admin_Coupon" name="q_add_Admin_Coupon_Page_Edit_Test" time="41.200"/>
  <system-out/>
  <testcase classname="Sprint_4_Negative.Admin_Coupon" name="j_add_Admin_Coupon_Page_Unregistered_Mobile_Number_Test" time="38.358"/>
  <system-out/>
</testsuite> <!-- Sprint_4_Negative.Admin_Coupon -->
