<?xml version="1.0" encoding="UTF-8"?>
<!-- Generated by org.testng.reporters.JUnitReportReporter -->
<testsuite hostname="Vicky" failures="0" tests="14" name="sprint_3_Negative.B_E_Commerce_Categories" time="283.627" errors="0" timestamp="2024-04-23T15:23:57 IST" skipped="0">
  <testcase classname="sprint_3_Negative.B_E_Commerce_Categories" name="a_clickOnECommercelink_ECommerceDrpDwnShouldNotDropOptionsErrorTest" time="14.948"/>
  <system-out/>
  <testcase classname="sprint_3_Negative.B_E_Commerce_Categories" name="b_clickOnCategoriesLinkCategoryListPageShouldNotDisplayErrorTest" time="18.146"/>
  <system-out/>
  <testcase classname="sprint_3_Negative.B_E_Commerce_Categories" name="c_searchForAcategoryWhichIsNotAvailableInCategoryListPageErrorTest" time="14.824"/>
  <system-out/>
  <testcase classname="sprint_3_Negative.B_E_Commerce_Categories" name="d_clickOnCategoryLinkCategoryListPageShouldNotDisplayErrorTest" time="17.427"/>
  <system-out/>
  <testcase classname="sprint_3_Negative.B_E_Commerce_Categories" name="e_addingCategoryByGivingNullValuesErrorTest" time="18.824"/>
  <system-out/>
  <testcase classname="sprint_3_Negative.B_E_Commerce_Categories" name="f_addingCategoryByGivingOnlyNameErrorTest" time="35.030"/>
  <system-out/>
  <testcase classname="sprint_3_Negative.B_E_Commerce_Categories" name="g_addingCategoryByGivingOnlyImageErrorTest" time="22.684"/>
  <system-out/>
  <testcase classname="sprint_3_Negative.B_E_Commerce_Categories" name="h_clickOnCloseBtnCategoryPageShouldNotCloseTest" time="17.535"/>
  <system-out/>
  <testcase classname="sprint_3_Negative.B_E_Commerce_Categories" name="i_addingCategoryByGivingValidDetailsPassTest" time="25.314"/>
  <system-out/>
  <testcase classname="sprint_3_Negative.B_E_Commerce_Categories" name="j_clickOnParticularCategoryEditButtonUpdatePageShouldNotOpenErrorTest" time="17.768"/>
  <system-out/>
  <testcase classname="sprint_3_Negative.B_E_Commerce_Categories" name="k_updatingCategoryByGivingOnlyImagePassErrorTest" time="24.566"/>
  <system-out/>
  <testcase classname="sprint_3_Negative.B_E_Commerce_Categories" name="l_clickOnCloseBtnUpdateCategoryPageShouldNotCloseErrorTest" time="18.996"/>
  <system-out/>
  <testcase classname="sprint_3_Negative.B_E_Commerce_Categories" name="m_clickOnCategoriesBootStrapButtonStatusShouldNotUpdateTest" time="17.800"/>
  <system-out/>
  <testcase classname="sprint_3_Negative.B_E_Commerce_Categories" name="n_clickOnParticularCategoryDeleteButtonCategoryShouldNotDeleteTest" time="19.765"/>
  <system-out/>
</testsuite> <!-- sprint_3_Negative.B_E_Commerce_Categories -->
