<?xml version="1.0" encoding="UTF-8"?>
<!-- Generated by org.testng.reporters.JUnitReportReporter -->
<testsuite hostname="Vicky" failures="0" tests="7" name="Sprint_4_Negative.All_Gift_Cards" time="174.724" errors="0" timestamp="2024-04-27T16:29:44 IST" skipped="0">
  <testcase classname="Sprint_4_Negative.All_Gift_Cards" name="e_add_Gift_Card_Page_Valid_Secret_Key_Test" time="26.973"/>
  <system-out/>
  <testcase classname="Sprint_4_Negative.All_Gift_Cards" name="d_add_Gift_Card_Page_Merchant_Amount_Secret_Key_Test" time="26.870"/>
  <system-out/>
  <testcase classname="Sprint_4_Negative.All_Gift_Cards" name="b_add_Gift_Card_Page_Merchant_Test" time="26.189"/>
  <system-out/>
  <testcase classname="Sprint_4_Negative.All_Gift_Cards" name="a_add_Gift_Card_Page_Add_Button_Test" time="24.136"/>
  <system-out/>
  <testcase classname="Sprint_4_Negative.All_Gift_Cards" name="f_add_Gift_Card_Page_Close_button_Test" time="26.829"/>
  <system-out/>
  <testcase classname="Sprint_4_Negative.All_Gift_Cards" name="g_add_Gift_Card_Page_Search_Feild_Test" time="18.724"/>
  <system-out/>
  <testcase classname="Sprint_4_Negative.All_Gift_Cards" name="c_add_Gift_Card_Page_Merchant_Amount_Test" time="25.003"/>
  <system-out/>
</testsuite> <!-- Sprint_4_Negative.All_Gift_Cards -->
