<?xml version="1.0" encoding="UTF-8"?>
<!-- Generated by org.testng.reporters.JUnitReportReporter -->
<testsuite hostname="Vicky" failures="0" tests="1" name="Sprint_5_Negative_Ayesha_Code.Ecommerce_Orders_Negative" time="57.212" errors="0" timestamp="2024-05-18T15:35:32 IST" skipped="0">
  <testcase classname="Sprint_5_Negative_Ayesha_Code.Ecommerce_Orders_Negative" name="ecommerce_Orders_NegativeTest" time="57.212"/>
  <system-out/>
</testsuite> <!-- Sprint_5_Negative_Ayesha_Code.Ecommerce_Orders_Negative -->
